22:09:22 **** Incremental Build of configuration Debug for project Q ****
Info: Internal Builder is used for build
gcc -O0 -g3 -Wall -c -fmessage-length=0 -o "src\\Q.o" "..\\src\\Q.c" 
gcc -o Q.exe "src\\Q.o" 
Info: Nothing to build for Q
22:10:52 **** Incremental Build of configuration Debug for project Q ****
Info: Internal Builder is used for build
gcc -O0 -g3 -Wall -c -fmessage-length=0 -o "src\\Q.o" "..\\src\\Q.c" 
gcc -o Q.exe "src\\Q.o" 
22:10:53 **** Incremental Build of configuration Debug for project Q_10_c function to count the max number of ones between two zeros ****
Info: Internal Builder is used for build
gcc -O0 -g3 -Wall -c -fmessage-length=0 -o "src\\Q_10_c function to count the max number of ones between two zeros.o" "..\\src\\Q_10_c function to count the max number of ones between two zeros.c" 
gcc: error: ..\src\Q_10_c function to count the max number of ones between two zeros.c: No such file or directory
gcc: fatal error: no input files
compilation terminated.
Info: Nothing to build for Q_1_c function to take a number and sum all digits
22:10:53 **** Incremental Build of configuration Debug for project Q_2_c function to take an integer number and calculate it's square root ****
Info: Internal Builder is used for build
gcc -O0 -g3 -Wall -c -fmessage-length=0 -o "src\\Q_2_c function to take an integer number and calculate it's square root.o" "..\\src\\Q_2_c function to take an integer number and calculate it's square root.c" 
gcc: error: ..\src\Q_2_c function to take an integer number and calculate it's square root.c: No such file or directory
gcc: fatal error: no input files
compilation terminated.
Info: Nothing to build for Q_3_c function to print all prime numbers between two numbers
Info: Nothing to build for Q_4_c function to revers digits in number
Info: Nothing to build for Q_5_c function to count number of ones in binary number
Info: Nothing to build for Q_6_c function to return unique number in array with one loop
Info: Nothing to build for Q_7_c function to sum numbers from 1 to 100(without loop)
Info: Nothing to build for Q_8_c function to take an array and revers its elements
Info: Nothing to build for Q_9_c function to reverse words in string
Info: Nothing to build for Q
01:47:22 **** Incremental Build of configuration Debug for project Q ****
Info: Internal Builder is used for build
gcc -O0 -g3 -Wall -c -fmessage-length=0 -o "src\\Q.o" "..\\src\\Q.c" 
gcc -o Q.exe "src\\Q.o" 
Info: Nothing to build for Q
01:49:17 **** Incremental Build of configuration Debug for project Q ****
Info: Internal Builder is used for build
gcc -O0 -g3 -Wall -c -fmessage-length=0 -o "src\\Q.o" "..\\src\\Q.c" 
gcc -o Q.exe "src\\Q.o" 
01:49:19 **** Incremental Build of configuration Debug for project Q_10_c function to count the max number of ones between two zeros ****
Info: Internal Builder is used for build
gcc -O0 -g3 -Wall -c -fmessage-length=0 -o "src\\Q_10_c function to count the max number of ones between two zeros.o" "..\\src\\Q_10_c function to count the max number of ones between two zeros.c" 
gcc: error: ..\src\Q_10_c function to count the max number of ones between two zeros.c: No such file or directory
gcc: fatal error: no input files
compilation terminated.
Info: Nothing to build for Q_1_c function to take a number and sum all digits
01:49:19 **** Incremental Build of configuration Debug for project Q_2_c function to take an integer number and calculate it's square root ****
Info: Internal Builder is used for build
gcc -O0 -g3 -Wall -c -fmessage-length=0 -o "src\\Q_2_c function to take an integer number and calculate it's square root.o" "..\\src\\Q_2_c function to take an integer number and calculate it's square root.c" 
gcc: error: ..\src\Q_2_c function to take an integer number and calculate it's square root.c: No such file or directory
gcc: fatal error: no input files
compilation terminated.
Info: Nothing to build for Q_3_c function to print all prime numbers between two numbers
Info: Nothing to build for Q_4_c function to revers digits in number
Info: Nothing to build for Q_5_c function to count number of ones in binary number
Info: Nothing to build for Q_6_c function to return unique number in array with one loop
Info: Nothing to build for Q_7_c function to sum numbers from 1 to 100(without loop)
Info: Nothing to build for Q_8_c function to take an array and revers its elements
Info: Nothing to build for Q_9_c function to reverse words in string
Info: Nothing to build for Q
02:01:42 **** Incremental Build of configuration Debug for project Q ****
Info: Internal Builder is used for build
gcc -O0 -g3 -Wall -c -fmessage-length=0 -o "src\\Q.o" "..\\src\\Q.c" 
..\src\Q.c: In function 'square_root':
..\src\Q.c:31:12: warning: unused variable 'total' [-Wunused-variable]
     double total;
            ^~~~~
..\src\Q.c:30:9: warning: unused variable 'result' [-Wunused-variable]
  double result=number;
         ^~~~~~
..\src\Q.c:29:13: warning: unused variable 'remainder' [-Wunused-variable]
  int flag=1,remainder=0;
             ^~~~~~~~~
..\src\Q.c:29:6: warning: unused variable 'flag' [-Wunused-variable]
  int flag=1,remainder=0;
      ^~~~
gcc -o Q.exe "src\\Q.o" 
02:01:43 **** Incremental Build of configuration Debug for project Q_10_c function to count the max number of ones between two zeros ****
Info: Internal Builder is used for build
gcc -O0 -g3 -Wall -c -fmessage-length=0 -o "src\\Q_10_c function to count the max number of ones between two zeros.o" "..\\src\\Q_10_c function to count the max number of ones between two zeros.c" 
gcc: error: ..\src\Q_10_c function to count the max number of ones between two zeros.c: No such file or directory
gcc: fatal error: no input files
compilation terminated.
Info: Nothing to build for Q_1_c function to take a number and sum all digits
02:01:43 **** Incremental Build of configuration Debug for project Q_2_c function to take an integer number and calculate it's square root ****
Info: Internal Builder is used for build
gcc -O0 -g3 -Wall -c -fmessage-length=0 -o "src\\Q_2_c function to take an integer number and calculate it's square root.o" "..\\src\\Q_2_c function to take an integer number and calculate it's square root.c" 
gcc: error: ..\src\Q_2_c function to take an integer number and calculate it's square root.c: No such file or directory
gcc: fatal error: no input files
compilation terminated.
Info: Nothing to build for Q_3_c function to print all prime numbers between two numbers
Info: Nothing to build for Q_4_c function to revers digits in number
Info: Nothing to build for Q_5_c function to count number of ones in binary number
Info: Nothing to build for Q_6_c function to return unique number in array with one loop
Info: Nothing to build for Q_7_c function to sum numbers from 1 to 100(without loop)
Info: Nothing to build for Q_8_c function to take an array and revers its elements
Info: Nothing to build for Q_9_c function to reverse words in string
02:02:15 **** Incremental Build of configuration Debug for project Q ****
Info: Internal Builder is used for build
gcc -O0 -g3 -Wall -c -fmessage-length=0 -o "src\\Q.o" "..\\src\\Q.c" 
gcc -o Q.exe "src\\Q.o" 
02:02:16 **** Incremental Build of configuration Debug for project Q_10_c function to count the max number of ones between two zeros ****
Info: Internal Builder is used for build
gcc -O0 -g3 -Wall -c -fmessage-length=0 -o "src\\Q_10_c function to count the max number of ones between two zeros.o" "..\\src\\Q_10_c function to count the max number of ones between two zeros.c" 
gcc: error: ..\src\Q_10_c function to count the max number of ones between two zeros.c: No such file or directory
gcc: fatal error: no input files
compilation terminated.
Info: Nothing to build for Q_1_c function to take a number and sum all digits
02:02:16 **** Incremental Build of configuration Debug for project Q_2_c function to take an integer number and calculate it's square root ****
Info: Internal Builder is used for build
gcc -O0 -g3 -Wall -c -fmessage-length=0 -o "src\\Q_2_c function to take an integer number and calculate it's square root.o" "..\\src\\Q_2_c function to take an integer number and calculate it's square root.c" 
gcc: error: ..\src\Q_2_c function to take an integer number and calculate it's square root.c: No such file or directory
gcc: fatal error: no input files
compilation terminated.
Info: Nothing to build for Q_3_c function to print all prime numbers between two numbers
Info: Nothing to build for Q_4_c function to revers digits in number
Info: Nothing to build for Q_5_c function to count number of ones in binary number
Info: Nothing to build for Q_6_c function to return unique number in array with one loop
Info: Nothing to build for Q_7_c function to sum numbers from 1 to 100(without loop)
Info: Nothing to build for Q_8_c function to take an array and revers its elements
Info: Nothing to build for Q_9_c function to reverse words in string
Info: Nothing to build for Q
Info: Nothing to build for Q
02:15:24 **** Incremental Build of configuration Debug for project Q ****
Info: Internal Builder is used for build
gcc -O0 -g3 -Wall -c -fmessage-length=0 -o "src\\Q.o" "..\\src\\Q.c" 
gcc -o Q.exe "src\\Q.o" 
02:15:25 **** Incremental Build of configuration Debug for project Q_10_c function to count the max number of ones between two zeros ****
Info: Internal Builder is used for build
gcc -O0 -g3 -Wall -c -fmessage-length=0 -o "src\\Q_10_c function to count the max number of ones between two zeros.o" "..\\src\\Q_10_c function to count the max number of ones between two zeros.c" 
gcc: error: ..\src\Q_10_c function to count the max number of ones between two zeros.c: No such file or directory
gcc: fatal error: no input files
compilation terminated.
Info: Nothing to build for Q_1_c function to take a number and sum all digits
02:15:26 **** Incremental Build of configuration Debug for project Q_2_c function to take an integer number and calculate it's square root ****
Info: Internal Builder is used for build
gcc -O0 -g3 -Wall -c -fmessage-length=0 -o "src\\Q_2_c function to take an integer number and calculate it's square root.o" "..\\src\\Q_2_c function to take an integer number and calculate it's square root.c" 
gcc: error: ..\src\Q_2_c function to take an integer number and calculate it's square root.c: No such file or directory
gcc: fatal error: no input files
compilation terminated.
Info: Nothing to build for Q_3_c function to print all prime numbers between two numbers
Info: Nothing to build for Q_4_c function to revers digits in number
Info: Nothing to build for Q_5_c function to count number of ones in binary number
Info: Nothing to build for Q_6_c function to return unique number in array with one loop
Info: Nothing to build for Q_7_c function to sum numbers from 1 to 100(without loop)
Info: Nothing to build for Q_8_c function to take an array and revers its elements
Info: Nothing to build for Q_9_c function to reverse words in string
Info: Nothing to build for Q
Info: Nothing to build for Q
02:16:45 **** Incremental Build of configuration Debug for project Q ****
Info: Internal Builder is used for build
gcc -O0 -g3 -Wall -c -fmessage-length=0 -o "src\\Q.o" "..\\src\\Q.c" 
gcc -o Q.exe "src\\Q.o" 
02:16:46 **** Incremental Build of configuration Debug for project Q_10_c function to count the max number of ones between two zeros ****
Info: Internal Builder is used for build
gcc -O0 -g3 -Wall -c -fmessage-length=0 -o "src\\Q_10_c function to count the max number of ones between two zeros.o" "..\\src\\Q_10_c function to count the max number of ones between two zeros.c" 
gcc: error: ..\src\Q_10_c function to count the max number of ones between two zeros.c: No such file or directory
gcc: fatal error: no input files
compilation terminated.
Info: Nothing to build for Q_1_c function to take a number and sum all digits
02:16:46 **** Incremental Build of configuration Debug for project Q_2_c function to take an integer number and calculate it's square root ****
Info: Internal Builder is used for build
gcc -O0 -g3 -Wall -c -fmessage-length=0 -o "src\\Q_2_c function to take an integer number and calculate it's square root.o" "..\\src\\Q_2_c function to take an integer number and calculate it's square root.c" 
gcc: error: ..\src\Q_2_c function to take an integer number and calculate it's square root.c: No such file or directory
gcc: fatal error: no input files
compilation terminated.
Info: Nothing to build for Q_3_c function to print all prime numbers between two numbers
Info: Nothing to build for Q_4_c function to revers digits in number
Info: Nothing to build for Q_5_c function to count number of ones in binary number
Info: Nothing to build for Q_6_c function to return unique number in array with one loop
Info: Nothing to build for Q_7_c function to sum numbers from 1 to 100(without loop)
Info: Nothing to build for Q_8_c function to take an array and revers its elements
Info: Nothing to build for Q_9_c function to reverse words in string
Info: Nothing to build for Q
02:19:53 **** Incremental Build of configuration Debug for project Q_10_c function to count the max number of ones between two zeros ****
Info: Internal Builder is used for build
gcc -O0 -g3 -Wall -c -fmessage-length=0 -o "src\\Q_10_c function to count the max number of ones between two zeros.o" "..\\src\\Q_10_c function to count the max number of ones between two zeros.c" 
gcc: error: ..\src\Q_10_c function to count the max number of ones between two zeros.c: No such file or directory
gcc: fatal error: no input files
compilation terminated.
Info: Nothing to build for Q_1_c function to take a number and sum all digits
02:19:53 **** Rebuild of configuration Debug for project Q_2_c function to take an integer number and calculate it's square root ****
Info: Internal Builder is used for build
gcc -O0 -g3 -Wall -c -fmessage-length=0 -o "src\\Q_2_c function to take an integer number and calculate it's square root.o" "..\\src\\Q_2_c function to take an integer number and calculate it's square root.c" 
gcc: error: ..\src\Q_2_c function to take an integer number and calculate it's square root.c: No such file or directory
gcc: fatal error: no input files
compilation terminated.
Info: Nothing to build for Q_3_c function to print all prime numbers between two numbers
Info: Nothing to build for Q_4_c function to revers digits in number
Info: Nothing to build for Q_5_c function to count number of ones in binary number
Info: Nothing to build for Q_6_c function to return unique number in array with one loop
Info: Nothing to build for Q_7_c function to sum numbers from 1 to 100(without loop)
Info: Nothing to build for Q_8_c function to take an array and revers its elements
Info: Nothing to build for Q_9_c function to reverse words in string
02:19:57 **** Incremental Build of configuration Debug for project Q_2_c function to take an integer number and calculate it's square root ****
Info: Internal Builder is used for build
gcc -O0 -g3 -Wall -c -fmessage-length=0 -o "src\\Q_2_c function to take an integer number and calculate it's square root.o" "..\\src\\Q_2_c function to take an integer number and calculate it's square root.c" 
gcc: error: ..\src\Q_2_c function to take an integer number and calculate it's square root.c: No such file or directory
gcc: fatal error: no input files
compilation terminated.
02:20:11 **** Incremental Build of configuration Debug for project Q_2_c function to take an integer number and calculate it's square root ****
Info: Internal Builder is used for build
gcc -O0 -g3 -Wall -c -fmessage-length=0 -o "src\\Q_2_c function to take an integer number and calculate it's square root.o" "..\\src\\Q_2_c function to take an integer number and calculate it's square root.c" 
gcc: error: ..\src\Q_2_c function to take an integer number and calculate it's square root.c: No such file or directory
gcc: fatal error: no input files
compilation terminated.
03:05:48 **** Incremental Build of configuration Debug for project Q_10_c function to count the max number of ones between two zeros ****
Info: Internal Builder is used for build
gcc -O0 -g3 -Wall -c -fmessage-length=0 -o "src\\Q_10_c function to count the max number of ones between two zeros.o" "..\\src\\Q_10_c function to count the max number of ones between two zeros.c" 
gcc: error: ..\src\Q_10_c function to count the max number of ones between two zeros.c: No such file or directory
gcc: fatal error: no input files
compilation terminated.
Info: Nothing to build for Q_1_c function to take a number and sum all digits
03:05:48 **** Incremental Build of configuration Debug for project Q_2_c function to take an integer number and calculate it's square root ****
Info: Internal Builder is used for build
gcc -O0 -g3 -Wall -c -fmessage-length=0 -o "src\\Q_2_c function to take an integer number and calculate it's square root.o" "..\\src\\Q_2_c function to take an integer number and calculate it's square root.c" 
gcc: error: ..\src\Q_2_c function to take an integer number and calculate it's square root.c: No such file or directory
gcc: fatal error: no input files
compilation terminated.
Info: Nothing to build for Q_3_c function to print all prime numbers between two numbers
Info: Nothing to build for Q_4_c function to revers digits in number
Info: Nothing to build for Q_5_c function to count number of ones in binary number
03:05:49 **** Incremental Build of configuration Debug for project Q_6_c function to return unique number in array with one loop ****
Info: Internal Builder is used for build
gcc -O0 -g3 -Wall -c -fmessage-length=0 -o "src\\Q_6_c function to return unique number in array with one loop.o" "..\\src\\Q_6_c function to return unique number in array with one loop.c" 
..\src\Q_6_c function to return unique number in array with one loop.c: In function 'main':
..\src\Q_6_c function to return unique number in array with one loop.c:22:3: warning: implicit declaration of function 'unique_number' [-Wimplicit-function-declaration]
   unique_number(a,number,index,size);
   ^~~~~~~~~~~~~
..\src\Q_6_c function to return unique number in array with one loop.c: In function 'unique_number':
..\src\Q_6_c function to return unique number in array with one loop.c:56:1: warning: control reaches end of non-void function [-Wreturn-type]
 }
 ^
gcc -o "Q_6_c function to return unique number in array with one loop.exe" "src\\Q_6_c function to return unique number in array with one loop.o" 
Info: Nothing to build for Q_7_c function to sum numbers from 1 to 100(without loop)
Info: Nothing to build for Q_8_c function to take an array and revers its elements
Info: Nothing to build for Q_9_c function to reverse words in string
03:06:22 **** Incremental Build of configuration Debug for project Q_10_c function to count the max number of ones between two zeros ****
Info: Internal Builder is used for build
gcc -O0 -g3 -Wall -c -fmessage-length=0 -o "src\\Q_10_c function to count the max number of ones between two zeros.o" "..\\src\\Q_10_c function to count the max number of ones between two zeros.c" 
gcc: error: ..\src\Q_10_c function to count the max number of ones between two zeros.c: No such file or directory
gcc: fatal error: no input files
compilation terminated.
Info: Nothing to build for Q_1_c function to take a number and sum all digits
03:06:22 **** Incremental Build of configuration Debug for project Q_2_c function to take an integer number and calculate it's square root ****
Info: Internal Builder is used for build
gcc -O0 -g3 -Wall -c -fmessage-length=0 -o "src\\Q_2_c function to take an integer number and calculate it's square root.o" "..\\src\\Q_2_c function to take an integer number and calculate it's square root.c" 
gcc: error: ..\src\Q_2_c function to take an integer number and calculate it's square root.c: No such file or directory
gcc: fatal error: no input files
compilation terminated.
Info: Nothing to build for Q_3_c function to print all prime numbers between two numbers
Info: Nothing to build for Q_4_c function to revers digits in number
Info: Nothing to build for Q_5_c function to count number of ones in binary number
03:06:22 **** Incremental Build of configuration Debug for project Q_6_c function to return unique number in array with one loop ****
Info: Internal Builder is used for build
gcc -O0 -g3 -Wall -c -fmessage-length=0 -o "src\\Q_6_c function to return unique number in array with one loop.o" "..\\src\\Q_6_c function to return unique number in array with one loop.c" 
..\src\Q_6_c function to return unique number in array with one loop.c: In function 'unique_number':
..\src\Q_6_c function to return unique number in array with one loop.c:58:1: warning: control reaches end of non-void function [-Wreturn-type]
 }
 ^
gcc -o "Q_6_c function to return unique number in array with one loop.exe" "src\\Q_6_c function to return unique number in array with one loop.o" 
Info: Nothing to build for Q_7_c function to sum numbers from 1 to 100(without loop)
Info: Nothing to build for Q_8_c function to take an array and revers its elements
Info: Nothing to build for Q_9_c function to reverse words in string
03:07:06 **** Incremental Build of configuration Debug for project Q_10_c function to count the max number of ones between two zeros ****
Info: Internal Builder is used for build
gcc -O0 -g3 -Wall -c -fmessage-length=0 -o "src\\Q_10_c function to count the max number of ones between two zeros.o" "..\\src\\Q_10_c function to count the max number of ones between two zeros.c" 
gcc: error: ..\src\Q_10_c function to count the max number of ones between two zeros.c: No such file or directory
gcc: fatal error: no input files
compilation terminated.
Info: Nothing to build for Q_1_c function to take a number and sum all digits
03:07:06 **** Incremental Build of configuration Debug for project Q_2_c function to take an integer number and calculate it's square root ****
Info: Internal Builder is used for build
gcc -O0 -g3 -Wall -c -fmessage-length=0 -o "src\\Q_2_c function to take an integer number and calculate it's square root.o" "..\\src\\Q_2_c function to take an integer number and calculate it's square root.c" 
gcc: error: ..\src\Q_2_c function to take an integer number and calculate it's square root.c: No such file or directory
gcc: fatal error: no input files
compilation terminated.
Info: Nothing to build for Q_3_c function to print all prime numbers between two numbers
Info: Nothing to build for Q_4_c function to revers digits in number
Info: Nothing to build for Q_5_c function to count number of ones in binary number
03:07:06 **** Incremental Build of configuration Debug for project Q_6_c function to return unique number in array with one loop ****
Info: Internal Builder is used for build
gcc -O0 -g3 -Wall -c -fmessage-length=0 -o "src\\Q_6_c function to return unique number in array with one loop.o" "..\\src\\Q_6_c function to return unique number in array with one loop.c" 
gcc -o "Q_6_c function to return unique number in array with one loop.exe" "src\\Q_6_c function to return unique number in array with one loop.o" 
Info: Nothing to build for Q_7_c function to sum numbers from 1 to 100(without loop)
Info: Nothing to build for Q_8_c function to take an array and revers its elements
Info: Nothing to build for Q_9_c function to reverse words in string
Info: Nothing to build for Q_6_c function to return unique number in array with one loop
