Info: Nothing to build for Q1
Info: Nothing to build for Q1
02:59:27 **** Incremental Build of configuration Debug for project Q1 ****
Info: Internal Builder is used for build
gcc -O0 -g3 -Wall -c -fmessage-length=0 -o "src\\Q1.o" "..\\src\\Q1.c" 
gcc -o Q1.exe "src\\Q1.o" 
02:07:23 **** Incremental Build of configuration Debug for project Q1 ****
Info: Internal Builder is used for build
gcc -O0 -g3 -Wall -c -fmessage-length=0 -o "src\\Q1.o" "..\\src\\Q1.c" 
..\src\Q1.c: In function 'main':
..\src\Q1.c:18:15: warning: unused variable 'x' [-Wunused-variable]
  unsigned int x = -1;
               ^
gcc -o Q1.exe "src\\Q1.o" 
Info: Nothing to build for Q2
Info: Nothing to build for Q3
Info: Nothing to build for Q5
Info: Nothing to build for Q7
Info: Nothing to build for Q8
02:07:55 **** Incremental Build of configuration Debug for project Q1 ****
Info: Internal Builder is used for build
gcc -O0 -g3 -Wall -c -fmessage-length=0 -o "src\\Q1.o" "..\\src\\Q1.c" 
gcc -o Q1.exe "src\\Q1.o" 
Info: Nothing to build for Q2
Info: Nothing to build for Q3
Info: Nothing to build for Q5
Info: Nothing to build for Q7
Info: Nothing to build for Q8
Info: Nothing to build for Q1
02:10:00 **** Incremental Build of configuration Debug for project Q1 ****
Info: Internal Builder is used for build
gcc -O0 -g3 -Wall -c -fmessage-length=0 -o "src\\Q1.o" "..\\src\\Q1.c" 
gcc -o Q1.exe "src\\Q1.o" 
c:/mingw/bin/../lib/gcc/mingw32/6.3.0/../../../../mingw32/bin/ld.exe: cannot open output file Q1.exe: Permission denied
collect2.exe: error: ld returned 1 exit status
02:10:41 **** Incremental Build of configuration Debug for project Q1 ****
Info: Internal Builder is used for build
gcc -O0 -g3 -Wall -c -fmessage-length=0 -o "src\\Q1.o" "..\\src\\Q1.c" 
gcc -o Q1.exe "src\\Q1.o" 
c:/mingw/bin/../lib/gcc/mingw32/6.3.0/../../../../mingw32/bin/ld.exe: cannot open output file Q1.exe: Permission denied
collect2.exe: error: ld returned 1 exit status
Info: Nothing to build for Q2
Info: Nothing to build for Q3
Info: Nothing to build for Q5
Info: Nothing to build for Q7
Info: Nothing to build for Q8
02:10:50 **** Incremental Build of configuration Debug for project Q1 ****
Info: Internal Builder is used for build
gcc -o Q1.exe "src\\Q1.o" 
c:/mingw/bin/../lib/gcc/mingw32/6.3.0/../../../../mingw32/bin/ld.exe: cannot open output file Q1.exe: Permission denied
collect2.exe: error: ld returned 1 exit status
02:11:30 **** Incremental Build of configuration Debug for project Q1 ****
Info: Internal Builder is used for build
gcc -o Q1.exe "src\\Q1.o" 
c:/mingw/bin/../lib/gcc/mingw32/6.3.0/../../../../mingw32/bin/ld.exe: cannot open output file Q1.exe: Permission denied
collect2.exe: error: ld returned 1 exit status
02:12:20 **** Incremental Build of configuration Debug for project Q1 ****
Info: Internal Builder is used for build
gcc -O0 -g3 -Wall -c -fmessage-length=0 -o "src\\Q1.o" "..\\src\\Q1.c" 
gcc -o Q1.exe "src\\Q1.o" 
c:/mingw/bin/../lib/gcc/mingw32/6.3.0/../../../../mingw32/bin/ld.exe: cannot open output file Q1.exe: Permission denied
collect2.exe: error: ld returned 1 exit status
02:17:07 **** Incremental Build of configuration Debug for project Q1 ****
Info: Internal Builder is used for build
gcc -o Q1.exe "src\\Q1.o" 
c:/mingw/bin/../lib/gcc/mingw32/6.3.0/../../../../mingw32/bin/ld.exe: cannot open output file Q1.exe: Permission denied
collect2.exe: error: ld returned 1 exit status
Info: Nothing to build for Q2
Info: Nothing to build for Q3
Info: Nothing to build for Q5
Info: Nothing to build for Q7
Info: Nothing to build for Q8
02:17:08 **** Rebuild of configuration Debug for project basics ****
Info: Internal Builder is used for build
gcc -O0 -g3 -Wall -c -fmessage-length=0 -o "src\\basics.o" "..\\src\\basics.c" 
gcc -o basics.exe "src\\basics.o" 
Info: Nothing to build for basics
02:18:43 **** Incremental Build of configuration Debug for project Q1 ****
Info: Internal Builder is used for build
gcc -o Q1.exe "src\\Q1.o" 
c:/mingw/bin/../lib/gcc/mingw32/6.3.0/../../../../mingw32/bin/ld.exe: cannot open output file Q1.exe: Permission denied
collect2.exe: error: ld returned 1 exit status
Info: Nothing to build for Q2
Info: Nothing to build for Q3
Info: Nothing to build for Q5
Info: Nothing to build for Q7
Info: Nothing to build for Q8
02:18:44 **** Incremental Build of configuration Debug for project basics ****
Info: Internal Builder is used for build
gcc -O0 -g3 -Wall -c -fmessage-length=0 -o "src\\basics.o" "..\\src\\basics.c" 
gcc -o basics.exe "src\\basics.o" 
Info: Nothing to build for basics
02:21:25 **** Incremental Build of configuration Debug for project basics ****
Info: Internal Builder is used for build
gcc -O0 -g3 -Wall -c -fmessage-length=0 -o "src\\basics.o" "..\\src\\basics.c" 
gcc -o basics.exe "src\\basics.o" 
