04:25:30 **** Rebuild of configuration Debug for project EX_1 ****
Info: Internal Builder is used for build
gcc -O0 -g3 -Wall -c -fmessage-length=0 -o EX_1.o "..\\EX_1.c" 
gcc -o EX_1.exe EX_1.o 
04:27:04 **** Rebuild of configuration Debug for project EX_2 ****
Info: Internal Builder is used for build
gcc -O0 -g3 -Wall -c -fmessage-length=0 -o EX_2.o "..\\EX_2.c" 
gcc -o EX_2.exe EX_2.o 
04:27:55 **** Rebuild of configuration Debug for project EX_3 ****
Info: Internal Builder is used for build
gcc -O0 -g3 -Wall -c -fmessage-length=0 -o EX_3.o "..\\EX_3.c" 
gcc -o EX_3.exe EX_3.o 
04:28:22 **** Rebuild of configuration Debug for project EX_4 ****
Info: Internal Builder is used for build
gcc -O0 -g3 -Wall -c -fmessage-length=0 -o EX_4.o "..\\EX_4.c" 
gcc -o EX_4.exe EX_4.o 
04:28:45 **** Rebuild of configuration Debug for project EX_5 ****
Info: Internal Builder is used for build
gcc -O0 -g3 -Wall -c -fmessage-length=0 -o EX_5.o "..\\EX_5.c" 
gcc -o EX_5.exe EX_5.o 
04:29:08 **** Rebuild of configuration Debug for project EX_6 ****
Info: Internal Builder is used for build
gcc -O0 -g3 -Wall -c -fmessage-length=0 -o EX_6.o "..\\EX_6.c" 
gcc -o EX_6.exe EX_6.o 
04:29:46 **** Rebuild of configuration Debug for project EX_7 ****
Info: Internal Builder is used for build
gcc -O0 -g3 -Wall -c -fmessage-length=0 -o EX_7.o "..\\EX_7.c" 
gcc -o EX_7.exe EX_7.o 
04:34:35 **** Rebuild of configuration Debug for project EX_1 ****
Info: Internal Builder is used for build
gcc -O0 -g3 -Wall -c -fmessage-length=0 -o EX_1.o "..\\EX_1.c" 
gcc -o EX_1.exe EX_1.o 
04:34:54 **** Rebuild of configuration Debug for project EX_2 ****
Info: Internal Builder is used for build
gcc -O0 -g3 -Wall -c -fmessage-length=0 -o EX_2.o "..\\EX_2.c" 
gcc -o EX_2.exe EX_2.o 
04:35:50 **** Rebuild of configuration Debug for project EX_3 ****
Info: Internal Builder is used for build
gcc -O0 -g3 -Wall -c -fmessage-length=0 -o EX_3.o "..\\EX_3.c" 
gcc -o EX_3.exe EX_3.o 
04:36:25 **** Rebuild of configuration Debug for project EX_4 ****
Info: Internal Builder is used for build
gcc -O0 -g3 -Wall -c -fmessage-length=0 -o EX_4.o "..\\EX_4.c" 
gcc -o EX_4.exe EX_4.o 
04:36:52 **** Rebuild of configuration Debug for project EX_5 ****
Info: Internal Builder is used for build
gcc -O0 -g3 -Wall -c -fmessage-length=0 -o EX_5.o "..\\EX_5.c" 
gcc -o EX_5.exe EX_5.o 
04:37:23 **** Rebuild of configuration Debug for project EX_6 ****
Info: Internal Builder is used for build
gcc -O0 -g3 -Wall -c -fmessage-length=0 -o EX_6.o "..\\EX_6.c" 
gcc -o EX_6.exe EX_6.o 
04:38:02 **** Rebuild of configuration Debug for project EX_7 ****
Info: Internal Builder is used for build
gcc -O0 -g3 -Wall -c -fmessage-length=0 -o EX_7.o "..\\EX_7.c" 
gcc -o EX_7.exe EX_7.o 
04:38:36 **** Rebuild of configuration Debug for project EX8 ****
Info: Internal Builder is used for build
gcc -O0 -g3 -Wall -c -fmessage-length=0 -o EX8.o "..\\EX8.c" 
gcc -o EX8.exe EX8.o 
